Using pre-set license
Built from '2021.1/staging' branch; Version is '2021.1.18f1 (25bdc3efbc2d) revision 2473411'; Using compiler version '192528614'; Build Type 'Release'
OS: 'Windows 10 Education; OS build 19042.631; Version 2009; 64bit' Language: 'en' Physical Memory: 8024 MB
BatchMode: 1, IsHumanControllingUs: 0, StartBugReporterOnCrash: 0, Is64bit: 1, IsPro: 0

COMMAND LINE ARGUMENTS:
C:\Program Files\Unity\Hub\Editor\2021.1.18f1\Editor\Unity.exe
-adb2
-batchMode
-noUpm
-name
AssetImportWorker187
-projectPath
H:/Documents/GitHub/MobileMetroidVania---CustomTouch
-logFile
Logs/AssetImportWorker187.log
-srvPort
59454
Successfully changed project path to: H:/Documents/GitHub/MobileMetroidVania---CustomTouch
H:/Documents/GitHub/MobileMetroidVania---CustomTouch
Using Asset Import Pipeline V2.
Assertion failed on expression: 'm_ErrorCode == MDB_MAP_RESIZED || !HasAbortingErrors()'
received signal from system: SIGSEGV
Stack trace:
0x00007ff7e28a79ac (Unity) StackWalker::GetCurrentCallstack
0x00007ff7e28ada59 (Unity) StackWalker::ShowCallstack
0x00007ff7e30a5963 (Unity) GetStacktrace
0x00007ff7e28a7090 (Unity) winutils::CrashHandler::DefaultSignalHandler
0x00007ff7e4c6bc1e (Unity) seh_filter_exe
0x00007ff7e4d34a6d (Unity) `__scrt_common_main_seh'::`1'::filt$0
0x00007ff7e4c38af8 (Unity) _C_specific_handler
0x00007ffa2f4b10ff (ntdll) _chkstk
0x00007ffa2f45b474 (ntdll) RtlRaiseException
0x00007ffa2f4afc2e (ntdll) KiUserExceptionDispatcher
0x00007ff7e31d06cb (Unity) SourceAssetDBReadTxn::SourceAssetDBReadTxn
0x00007ff7e319e966 (Unity) SyncAssetFoldersWithDB
0x00007ff7e318db6d (Unity) InitializeAssetDatabaseV2
0x00007ff7e312b895 (Unity) AssetDatabase::InitializeAssetDatabase
0x00007ff7e2c9c190 (Unity) Application::InitializeProject
0x00007ff7e30af007 (Unity) WinMain
0x00007ff7e4c16332 (Unity) __scrt_common_main_seh
0x00007ffa2dcc7034 (KERNEL32) BaseThreadInitThunk
0x00007ffa2f45cec1 (ntdll) RtlUserThreadStart

